<?xml version="1.0" encoding="UTF-8"?>
<!-- Generated by org.testng.reporters.JUnitReportReporter -->
<testsuite skipped="0" hostname="DPC-A006672" name="com.block.building.floor.wing.dataproviderOne.TestOne" tests="23" failures="0" timestamp="17 Jun 2017 11:22:32 GMT" time="7.411" errors="0">
  <testcase name="run" time="0.234" classname="com.block.building.floor.wing.dataproviderOne.TestOne"/>
  <testcase name="run" time="0.515" classname="com.block.building.floor.wing.dataproviderOne.TestOne"/>
  <testcase name="run" time="0.639" classname="com.block.building.floor.wing.dataproviderOne.TestOne"/>
  <testcase name="run" time="0.218" classname="com.block.building.floor.wing.dataproviderOne.TestOne"/>
  <testcase name="run" time="0.413" classname="com.block.building.floor.wing.dataproviderOne.TestOne"/>
  <testcase name="run" time="0.351" classname="com.block.building.floor.wing.dataproviderOne.TestOne"/>
  <testcase name="run" time="0.444" classname="com.block.building.floor.wing.dataproviderOne.TestOne"/>
  <testcase name="run" time="0.273" classname="com.block.building.floor.wing.dataproviderOne.TestOne"/>
  <testcase name="run" time="0.273" classname="com.block.building.floor.wing.dataproviderOne.TestOne"/>
  <testcase name="testp1" time="0.211" classname="com.block.building.floor.wing.dataproviderOne.TestOne"/>
  <testcase name="run" time="0.234" classname="com.block.building.floor.wing.dataproviderOne.TestOne"/>
  <testcase name="run" time="0.405" classname="com.block.building.floor.wing.dataproviderOne.TestOne"/>
  <testcase name="run" time="0.257" classname="com.block.building.floor.wing.dataproviderOne.TestOne"/>
  <testcase name="run" time="0.257" classname="com.block.building.floor.wing.dataproviderOne.TestOne"/>
  <testcase name="run" time="0.584" classname="com.block.building.floor.wing.dataproviderOne.TestOne"/>
  <testcase name="run" time="0.257" classname="com.block.building.floor.wing.dataproviderOne.TestOne"/>
  <testcase name="testdashboard78" time="0.070" classname="com.block.building.floor.wing.dataproviderOne.TestOne"/>
  <testcase name="run" time="0.241" classname="com.block.building.floor.wing.dataproviderOne.TestOne"/>
  <testcase name="testdashboard" time="0.046" classname="com.block.building.floor.wing.dataproviderOne.TestOne"/>
  <testcase name="run" time="0.593" classname="com.block.building.floor.wing.dataproviderOne.TestOne"/>
  <testcase name="run" time="0.303" classname="com.block.building.floor.wing.dataproviderOne.TestOne"/>
  <testcase name="run" time="0.343" classname="com.block.building.floor.wing.dataproviderOne.TestOne"/>
  <testcase name="run" time="0.250" classname="com.block.building.floor.wing.dataproviderOne.TestOne"/>
</testsuite> <!-- com.block.building.floor.wing.dataproviderOne.TestOne -->
